<?xml version="1.0" encoding="UTF-8"?>
<testsuite name="AppTest" tests="3" skipped="0" failures="1" errors="0" timestamp="2016-04-26T22:53:16" hostname="epicodus-92.local" time="0.349">
  <properties/>
  <testcase name="nameIsCreated" classname="AppTest" time="0.31"/>
  <testcase name="foodDescresesByOne" classname="AppTest" time="0.023">
    <failure message="java.lang.AssertionError: &#10;Expecting:&#10; &lt;&quot;&lt;?xml version=&quot;1.0&quot; encoding=&quot;UTF-8&quot;?&gt;&#13;&#10;&lt;html&gt;&#13;&#10;  &lt;head&gt;&#13;&#10;    &lt;meta charset=&quot;utf-8&quot;/&gt;&#13;&#10;    &lt;title&gt;&#13;&#10;      Title&#13;&#10;    &lt;/title&gt;&#13;&#10;    &lt;link rel=&quot;stylesheet&quot; href=&quot;app.css&quot;/&gt;&#13;&#10;    &lt;link rel=&quot;stylesheet&quot; href=&quot;skeleton.css&quot;/&gt;&#13;&#10;    &lt;link rel=&quot;stylesheet&quot; href=&quot;https://maxcdn.bootstrapcdn.com/bootstrap/3.3.6/css/bootstrap.min.css&quot; integrity=&quot;sha384-1q8mTJOASx8j1Au+a5WDVnPi2lkFfwwEAa8hDDdjZlpLegxhjVME1fgjWPGmkzs7&quot; crossorigin=&quot;anonymous&quot;/&gt;&#13;&#10;  &lt;/head&gt;&#13;&#10;  &lt;body&gt;&#13;&#10;    &lt;h1 class=&quot;jumbotron&quot;&gt;&#13;&#10;      Tamagotchi&#13;&#10;    &lt;/h1&gt;&#13;&#10;    &lt;div class=&quot;col-md-6&quot;&gt;&#13;&#10;      &lt;h2&gt;&#13;&#10;        My pet name: Dragon&#13;&#10;      &lt;/h2&gt;&#13;&#10;      &lt;h2&gt;&#13;&#10;        Food: 10&#13;&#10;      &lt;/h2&gt;&#13;&#10;      &lt;h2&gt;&#13;&#10;        Sleep: 0&#13;&#10;      &lt;/h2&gt;&#13;&#10;      &lt;h2&gt;&#13;&#10;        Activity: 10&#13;&#10;      &lt;/h2&gt;&#13;&#10;    &lt;/div&gt;&#13;&#10;    &lt;div id=&quot;buttons&quot;&gt;&#13;&#10;      &lt;div class=&quot;col-md-6&quot;&gt;&#13;&#10;        &lt;form method=&quot;post&quot; action=&quot;/tamagotchi&quot;&gt;&#13;&#10;          &lt;button type=&quot;click&quot; class=&quot;btn btn-default&quot;&gt;&#13;&#10;            Give Food&#13;&#10;          &lt;/button&gt;&#13;&#10;          &lt;input type=&quot;hidden&quot; name=&quot;action&quot; value=&quot;food&quot;/&gt;&#13;&#10;        &lt;/form&gt;&#13;&#10;        &lt;br/&gt;&#13;&#10;        &lt;br/&gt;&#13;&#10;        &lt;br/&gt;&#13;&#10;        &lt;form method=&quot;post&quot; action=&quot;/tamagotchi&quot;&gt;&#13;&#10;          &lt;button type=&quot;click&quot; class=&quot;btn btn-info&quot;&gt;&#13;&#10;            Get Sleep&#13;&#10;          &lt;/button&gt;&#13;&#10;          &lt;input type=&quot;hidden&quot; name=&quot;action&quot; value=&quot;sleep&quot;/&gt;&#13;&#10;        &lt;/form&gt;&#13;&#10;        &lt;br/&gt;&#13;&#10;        &lt;br/&gt;&#13;&#10;        &lt;br/&gt;&#13;&#10;        &lt;form method=&quot;post&quot; action=&quot;/tamagotchi&quot;&gt;&#13;&#10;          &lt;button type=&quot;click&quot; class=&quot;btn btn-danger&quot; id=&quot;playButton&quot;&gt;&#13;&#10;            Play&#13;&#10;          &lt;/button&gt;&#13;&#10;          &lt;input type=&quot;hidden&quot; name=&quot;action&quot; value=&quot;play&quot;/&gt;&#13;&#10;        &lt;/form&gt;&#13;&#10;      &lt;/div&gt;&#13;&#10;    &lt;/div&gt;&#13;&#10;  &lt;/body&gt;&#13;&#10;&lt;/html&gt;&#13;&#10;&quot;&gt;&#10;to contain:&#10; &lt;&quot;Food: 9&quot;&gt; " type="java.lang.AssertionError">java.lang.AssertionError: 
Expecting:
 &lt;&quot;&lt;?xml version=&quot;1.0&quot; encoding=&quot;UTF-8&quot;?&gt;
&lt;html&gt;
  &lt;head&gt;
    &lt;meta charset=&quot;utf-8&quot;/&gt;
    &lt;title&gt;
      Title
    &lt;/title&gt;
    &lt;link rel=&quot;stylesheet&quot; href=&quot;app.css&quot;/&gt;
    &lt;link rel=&quot;stylesheet&quot; href=&quot;skeleton.css&quot;/&gt;
    &lt;link rel=&quot;stylesheet&quot; href=&quot;https://maxcdn.bootstrapcdn.com/bootstrap/3.3.6/css/bootstrap.min.css&quot; integrity=&quot;sha384-1q8mTJOASx8j1Au+a5WDVnPi2lkFfwwEAa8hDDdjZlpLegxhjVME1fgjWPGmkzs7&quot; crossorigin=&quot;anonymous&quot;/&gt;
  &lt;/head&gt;
  &lt;body&gt;
    &lt;h1 class=&quot;jumbotron&quot;&gt;
      Tamagotchi
    &lt;/h1&gt;
    &lt;div class=&quot;col-md-6&quot;&gt;
      &lt;h2&gt;
        My pet name: Dragon
      &lt;/h2&gt;
      &lt;h2&gt;
        Food: 10
      &lt;/h2&gt;
      &lt;h2&gt;
        Sleep: 0
      &lt;/h2&gt;
      &lt;h2&gt;
        Activity: 10
      &lt;/h2&gt;
    &lt;/div&gt;
    &lt;div id=&quot;buttons&quot;&gt;
      &lt;div class=&quot;col-md-6&quot;&gt;
        &lt;form method=&quot;post&quot; action=&quot;/tamagotchi&quot;&gt;
          &lt;button type=&quot;click&quot; class=&quot;btn btn-default&quot;&gt;
            Give Food
          &lt;/button&gt;
          &lt;input type=&quot;hidden&quot; name=&quot;action&quot; value=&quot;food&quot;/&gt;
        &lt;/form&gt;
        &lt;br/&gt;
        &lt;br/&gt;
        &lt;br/&gt;
        &lt;form method=&quot;post&quot; action=&quot;/tamagotchi&quot;&gt;
          &lt;button type=&quot;click&quot; class=&quot;btn btn-info&quot;&gt;
            Get Sleep
          &lt;/button&gt;
          &lt;input type=&quot;hidden&quot; name=&quot;action&quot; value=&quot;sleep&quot;/&gt;
        &lt;/form&gt;
        &lt;br/&gt;
        &lt;br/&gt;
        &lt;br/&gt;
        &lt;form method=&quot;post&quot; action=&quot;/tamagotchi&quot;&gt;
          &lt;button type=&quot;click&quot; class=&quot;btn btn-danger&quot; id=&quot;playButton&quot;&gt;
            Play
          &lt;/button&gt;
          &lt;input type=&quot;hidden&quot; name=&quot;action&quot; value=&quot;play&quot;/&gt;
        &lt;/form&gt;
      &lt;/div&gt;
    &lt;/div&gt;
  &lt;/body&gt;
&lt;/html&gt;
&quot;&gt;
to contain:
 &lt;&quot;Food: 9&quot;&gt; 
	at AppTest.foodDescresesByOne(AppTest.java:41)
	at sun.reflect.NativeMethodAccessorImpl.invoke0(Native Method)
	at sun.reflect.NativeMethodAccessorImpl.invoke(NativeMethodAccessorImpl.java:62)
	at sun.reflect.DelegatingMethodAccessorImpl.invoke(DelegatingMethodAccessorImpl.java:43)
	at java.lang.reflect.Method.invoke(Method.java:498)
	at org.junit.runners.model.FrameworkMethod$1.runReflectiveCall(FrameworkMethod.java:50)
	at org.junit.internal.runners.model.ReflectiveCallable.run(ReflectiveCallable.java:12)
	at org.junit.runners.model.FrameworkMethod.invokeExplosively(FrameworkMethod.java:47)
	at org.junit.internal.runners.statements.InvokeMethod.evaluate(InvokeMethod.java:17)
	at org.junit.rules.TestWatcher$1.evaluate(TestWatcher.java:55)
	at org.junit.rules.TestWatcher$1.evaluate(TestWatcher.java:55)
	at org.junit.rules.RunRules.evaluate(RunRules.java:20)
	at org.junit.runners.ParentRunner.runLeaf(ParentRunner.java:325)
	at org.junit.runners.BlockJUnit4ClassRunner.runChild(BlockJUnit4ClassRunner.java:78)
	at org.junit.runners.BlockJUnit4ClassRunner.runChild(BlockJUnit4ClassRunner.java:57)
	at org.junit.runners.ParentRunner$3.run(ParentRunner.java:290)
	at org.junit.runners.ParentRunner$1.schedule(ParentRunner.java:71)
	at org.junit.runners.ParentRunner.runChildren(ParentRunner.java:288)
	at org.junit.runners.ParentRunner.access$000(ParentRunner.java:58)
	at org.junit.runners.ParentRunner$2.evaluate(ParentRunner.java:268)
	at org.junit.internal.runners.statements.RunAfters.evaluate(RunAfters.java:27)
	at org.junit.rules.ExternalResource$1.evaluate(ExternalResource.java:48)
	at org.junit.rules.RunRules.evaluate(RunRules.java:20)
	at org.junit.runners.ParentRunner.run(ParentRunner.java:363)
	at org.gradle.api.internal.tasks.testing.junit.JUnitTestClassExecuter.runTestClass(JUnitTestClassExecuter.java:105)
	at org.gradle.api.internal.tasks.testing.junit.JUnitTestClassExecuter.execute(JUnitTestClassExecuter.java:56)
	at org.gradle.api.internal.tasks.testing.junit.JUnitTestClassProcessor.processTestClass(JUnitTestClassProcessor.java:64)
	at org.gradle.api.internal.tasks.testing.SuiteTestClassProcessor.processTestClass(SuiteTestClassProcessor.java:49)
	at sun.reflect.NativeMethodAccessorImpl.invoke0(Native Method)
	at sun.reflect.NativeMethodAccessorImpl.invoke(NativeMethodAccessorImpl.java:62)
	at sun.reflect.DelegatingMethodAccessorImpl.invoke(DelegatingMethodAccessorImpl.java:43)
	at java.lang.reflect.Method.invoke(Method.java:498)
	at org.gradle.messaging.dispatch.ReflectionDispatch.dispatch(ReflectionDispatch.java:35)
	at org.gradle.messaging.dispatch.ReflectionDispatch.dispatch(ReflectionDispatch.java:24)
	at org.gradle.messaging.dispatch.ContextClassLoaderDispatch.dispatch(ContextClassLoaderDispatch.java:32)
	at org.gradle.messaging.dispatch.ProxyDispatchAdapter$DispatchingInvocationHandler.invoke(ProxyDispatchAdapter.java:93)
	at com.sun.proxy.$Proxy2.processTestClass(Unknown Source)
	at org.gradle.api.internal.tasks.testing.worker.TestWorker.processTestClass(TestWorker.java:106)
	at sun.reflect.NativeMethodAccessorImpl.invoke0(Native Method)
	at sun.reflect.NativeMethodAccessorImpl.invoke(NativeMethodAccessorImpl.java:62)
	at sun.reflect.DelegatingMethodAccessorImpl.invoke(DelegatingMethodAccessorImpl.java:43)
	at java.lang.reflect.Method.invoke(Method.java:498)
	at org.gradle.messaging.dispatch.ReflectionDispatch.dispatch(ReflectionDispatch.java:35)
	at org.gradle.messaging.dispatch.ReflectionDispatch.dispatch(ReflectionDispatch.java:24)
	at org.gradle.messaging.remote.internal.hub.MessageHub$Handler.run(MessageHub.java:360)
	at org.gradle.internal.concurrent.ExecutorPolicy$CatchAndRecordFailures.onExecute(ExecutorPolicy.java:54)
	at org.gradle.internal.concurrent.StoppableExecutorImpl$1.run(StoppableExecutorImpl.java:40)
	at java.util.concurrent.ThreadPoolExecutor.runWorker(ThreadPoolExecutor.java:1142)
	at java.util.concurrent.ThreadPoolExecutor$Worker.run(ThreadPoolExecutor.java:617)
	at java.lang.Thread.run(Thread.java:745)
</failure>
  </testcase>
  <testcase name="rootTest" classname="AppTest" time="0.009"/>
  <system-out><![CDATA[]]></system-out>
  <system-err><![CDATA[[Thread-4] INFO org.eclipse.jetty.util.log - Logging initialized @532ms
[Thread-4] INFO spark.webserver.JettySparkServer - == Spark has ignited ...
[Thread-4] INFO spark.webserver.JettySparkServer - >> Listening on 0.0.0.0:4567
[Thread-4] INFO org.eclipse.jetty.server.Server - jetty-9.3.2.v20150730
[Thread-4] INFO org.eclipse.jetty.server.ServerConnector - Started ServerConnector@2b33757d{HTTP/1.1,[http/1.1]}{0.0.0.0:4567}
[Thread-4] INFO org.eclipse.jetty.server.Server - Started @655ms
[Test worker] INFO spark.webserver.JettySparkServer - >>> Spark shutting down ...
[Test worker] INFO org.eclipse.jetty.server.ServerConnector - Stopped ServerConnector@2b33757d{HTTP/1.1,[http/1.1]}{0.0.0.0:4567}
[Test worker] INFO spark.webserver.JettySparkServer - done
]]></system-err>
</testsuite>
